<?xml version="1.0" encoding="UTF-8"?>
<testng-results ignored="0" total="3" passed="3" failed="0" skipped="0">
  <reporter-output>
  </reporter-output>
  <suite started-at="2022-10-29T13:15:59 IST" name="Suite" finished-at="2022-10-29T13:19:47 IST" duration-ms="228186">
    <groups>
    </groups>
    <test started-at="2022-10-29T13:15:59 IST" name="Test" finished-at="2022-10-29T13:19:47 IST" duration-ms="228186">
      <class name="scripts.TestCase1">
        <test-method is-config="true" signature="openApp()[pri:0, instance:scripts.TestCase1@50a638b5]" started-at="2022-10-29T13:15:59 IST" name="openApp" finished-at="2022-10-29T13:16:22 IST" duration-ms="23482" status="PASS">
          <reporter-output>
          </reporter-output>
        </test-method> <!-- openApp -->
        <test-method signature="tc1()[pri:0, instance:scripts.TestCase1@50a638b5]" started-at="2022-10-29T13:16:22 IST" name="tc1" finished-at="2022-10-29T13:16:45 IST" duration-ms="22439" status="PASS">
          <reporter-output>
          </reporter-output>
        </test-method> <!-- tc1 -->
        <test-method is-config="true" signature="closeApp()[pri:0, instance:scripts.TestCase1@50a638b5]" started-at="2022-10-29T13:16:45 IST" name="closeApp" finished-at="2022-10-29T13:16:46 IST" duration-ms="1341" status="PASS">
          <reporter-output>
          </reporter-output>
        </test-method> <!-- closeApp -->
      </class> <!-- scripts.TestCase1 -->
      <class name="scripts.TestCase2">
        <test-method is-config="true" signature="openApp()[pri:0, instance:scripts.TestCase2@7714e963]" started-at="2022-10-29T13:16:46 IST" name="openApp" finished-at="2022-10-29T13:16:54 IST" duration-ms="8263" status="PASS">
          <reporter-output>
          </reporter-output>
        </test-method> <!-- openApp -->
        <test-method signature="tc2()[pri:0, instance:scripts.TestCase2@7714e963]" started-at="2022-10-29T13:16:54 IST" name="tc2" finished-at="2022-10-29T13:17:30 IST" duration-ms="35903" status="PASS">
          <reporter-output>
          </reporter-output>
        </test-method> <!-- tc2 -->
        <test-method is-config="true" signature="closeApp()[pri:0, instance:scripts.TestCase2@7714e963]" started-at="2022-10-29T13:17:30 IST" name="closeApp" finished-at="2022-10-29T13:17:31 IST" duration-ms="879" status="PASS">
          <reporter-output>
          </reporter-output>
        </test-method> <!-- closeApp -->
      </class> <!-- scripts.TestCase2 -->
      <class name="scripts.TestCase3">
        <test-method is-config="true" signature="openApp()[pri:0, instance:scripts.TestCase3@20ce78ec]" started-at="2022-10-29T13:17:31 IST" name="openApp" finished-at="2022-10-29T13:17:38 IST" duration-ms="6865" status="PASS">
          <reporter-output>
          </reporter-output>
        </test-method> <!-- openApp -->
        <test-method signature="tc3()[pri:0, instance:scripts.TestCase3@20ce78ec]" started-at="2022-10-29T13:17:38 IST" name="tc3" finished-at="2022-10-29T13:19:46 IST" duration-ms="128050" status="PASS">
          <reporter-output>
          </reporter-output>
        </test-method> <!-- tc3 -->
        <test-method is-config="true" signature="closeApp()[pri:0, instance:scripts.TestCase3@20ce78ec]" started-at="2022-10-29T13:19:46 IST" name="closeApp" finished-at="2022-10-29T13:19:47 IST" duration-ms="832" status="PASS">
          <reporter-output>
          </reporter-output>
        </test-method> <!-- closeApp -->
      </class> <!-- scripts.TestCase3 -->
    </test> <!-- Test -->
  </suite> <!-- Suite -->
</testng-results>
